0 info it worked if it ends with ok
1 verbose cli [
1 verbose cli   'C:\\Program Files (x86)\\nodejs\\node.exe',
1 verbose cli   'C:\\Program Files (x86)\\nodejs\\node_modules\\npm\\bin\\npm-cli.js',
1 verbose cli   'run',
1 verbose cli   'rebuild'
1 verbose cli ]
2 info using npm@6.14.11
3 info using node@v14.16.0
4 verbose run-script [ 'prerebuild', 'rebuild', 'postrebuild' ]
5 info lifecycle re2@1.15.9~prerebuild: re2@1.15.9
6 info lifecycle re2@1.15.9~rebuild: re2@1.15.9
7 verbose lifecycle re2@1.15.9~rebuild: unsafe-perm in lifecycle true
8 verbose lifecycle re2@1.15.9~rebuild: PATH: C:\Program Files (x86)\nodejs\node_modules\npm\node_modules\npm-lifecycle\node-gyp-bin;C:\Users\kumar\usernpm-repositorynpm\node_modules\firebase-tools\node_modules\re2\node_modules\.bin;C:\Users\kumar\usernpm-repositorynpm\node_modules\firebase-tools\node_modules\.bin;C:\Users\kumar\usernpm-repositorynpm\node_modules\.bin;C:\Program Files (x86)\nodejs\node_modules\npm\node_modules\npm-lifecycle\node-gyp-bin;C:\Users\kumar\usernpm-repositorynpm\node_modules\firebase-tools\node_modules\re2\node_modules\.bin;C:\Users\kumar\usernpm-repositorynpm\node_modules\firebase-tools\node_modules\.bin;C:\Users\kumar\usernpm-repositorynpm\node_modules\.bin;C:\Program Files\Microsoft MPI\Bin\;C:\Windows\system32;C:\Windows;C:\Windows\System32\Wbem;C:\Windows\System32\WindowsPowerShell\v1.0\;C:\Windows\System32\OpenSSH\;C:\Program Files\Microsoft SQL Server\Client SDK\ODBC\170\Tools\Binn\;C:\Program Files (x86)\Microsoft SQL Server\150\Tools\Binn\;C:\Program Files\Microsoft SQL Server\150\Tools\Binn\;C:\Program Files\Microsoft SQL Server\150\DTS\Binn\;C:\Program Files\dotnet\;C:\Program Files (x86)\Microsoft SQL Server\150\DTS\Binn\;C:\Program Files\Azure Data Studio\bin;C:\Program Files (x86)\dotnet\;C:\Program Files\Git\cmd;C:\Program Files (x86)\nodejs\;C:\Users\kumar\AppData\Local\Microsoft\WindowsApps;C:\Users\kumar\AppData\Local\Programs\Microsoft VS Code\bin;C:\Users\kumar\.dotnet\tools;C:\Program Files\Azure Data Studio\bin;C:\Users\kumar\AppData\Local\GitHubDesktop\bin;C:\Users\kumar\AppData\Roaming\npm
9 verbose lifecycle re2@1.15.9~rebuild: CWD: C:\Users\kumar\usernpm-repositorynpm\node_modules\firebase-tools\node_modules\re2
10 silly lifecycle re2@1.15.9~rebuild: Args: [ '/d /s /c', 'node-gyp rebuild' ]
11 silly lifecycle re2@1.15.9~rebuild: Returned: code: 1  signal: null
12 info lifecycle re2@1.15.9~rebuild: Failed to exec rebuild script
13 verbose stack Error: re2@1.15.9 rebuild: `node-gyp rebuild`
13 verbose stack Exit status 1
13 verbose stack     at EventEmitter.<anonymous> (C:\Program Files (x86)\nodejs\node_modules\npm\node_modules\npm-lifecycle\index.js:332:16)
13 verbose stack     at EventEmitter.emit (events.js:315:20)
13 verbose stack     at ChildProcess.<anonymous> (C:\Program Files (x86)\nodejs\node_modules\npm\node_modules\npm-lifecycle\lib\spawn.js:55:14)
13 verbose stack     at ChildProcess.emit (events.js:315:20)
13 verbose stack     at maybeClose (internal/child_process.js:1048:16)
13 verbose stack     at Process.ChildProcess._handle.onexit (internal/child_process.js:288:5)
14 verbose pkgid re2@1.15.9
15 verbose cwd C:\Users\kumar\usernpm-repositorynpm\node_modules\firebase-tools\node_modules\re2
16 verbose Windows_NT 10.0.18363
17 verbose argv "C:\\Program Files (x86)\\nodejs\\node.exe" "C:\\Program Files (x86)\\nodejs\\node_modules\\npm\\bin\\npm-cli.js" "run" "rebuild"
18 verbose node v14.16.0
19 verbose npm  v6.14.11
20 error code ELIFECYCLE
21 error errno 1
22 error re2@1.15.9 rebuild: `node-gyp rebuild`
22 error Exit status 1
23 error Failed at the re2@1.15.9 rebuild script.
23 error This is probably not a problem with npm. There is likely additional logging output above.
24 verbose exit [ 1, true ]
